2020-11-12 10:19:55.004 - INFO - 5634 - azureml.train.automl.automlconfig._start_execution:217 - No compute target or run config provided. Running local legacy run.
2020-11-12 10:19:55.005 - INFO - 5634 - azureml.train.automl.automlconfig._start_execution:257 - Submitting local legacy run.
2020-11-12 10:19:55.006 - INFO - 5634 - azureml.automl.core.package_utilities._log_activity:46 - ActivityStarted: PackagesCheck
2020-11-12 10:19:55.015 - INFO - 5634 - azureml.automl.core.package_utilities._has_versionconflict_or_not_installed:277 - Package: azureml-core, Version: 1.17.0 found.
2020-11-12 10:19:55.016 - INFO - 5634 - azureml.automl.core.package_utilities._has_versionconflict_or_not_installed:277 - Package: azureml-telemetry, Version: 1.17.0 found.
2020-11-12 10:19:55.017 - INFO - 5634 - azureml.automl.core.package_utilities._has_versionconflict_or_not_installed:277 - Package: azureml-dataset-runtime, Version: 1.17.0 found.
2020-11-12 10:19:55.018 - INFO - 5634 - azureml.automl.core.package_utilities._has_versionconflict_or_not_installed:277 - Package: azureml-automl-core, Version: 1.17.0 found.
2020-11-12 10:19:55.018 - INFO - 5634 - azureml.automl.core.package_utilities._has_versionconflict_or_not_installed:277 - Package: azureml-core, Version: 1.17.0 found.
2020-11-12 10:19:55.019 - INFO - 5634 - azureml.automl.core.package_utilities._has_versionconflict_or_not_installed:277 - Package: azureml-telemetry, Version: 1.17.0 found.
2020-11-12 10:19:55.020 - INFO - 5634 - azureml.automl.core.package_utilities._has_versionconflict_or_not_installed:277 - Package: azureml-train-restclients-hyperdrive, Version: 1.17.0 found.
2020-11-12 10:19:55.020 - INFO - 5634 - azureml.automl.core.package_utilities._has_versionconflict_or_not_installed:277 - Package: msrestazure, Version: 0.6.4 found.
2020-11-12 10:19:55.021 - INFO - 5634 - azureml.automl.core.package_utilities._has_versionconflict_or_not_installed:277 - Package: requests, Version: 2.24.0 found.
2020-11-12 10:19:55.021 - INFO - 5634 - azureml.automl.core.package_utilities._has_versionconflict_or_not_installed:277 - Package: msrest, Version: 0.6.19 found.
2020-11-12 10:19:55.025 - INFO - 5634 - azureml.automl.core.package_utilities._has_versionconflict_or_not_installed:277 - Package: azureml-train-automl-client, Version: 1.17.0 found.
2020-11-12 10:19:55.025 - INFO - 5634 - azureml.automl.core.package_utilities._has_versionconflict_or_not_installed:277 - Package: azureml-pipeline-core, Version: 1.17.0 found.
2020-11-12 10:19:55.026 - INFO - 5634 - azureml.automl.core.package_utilities._has_versionconflict_or_not_installed:277 - Package: azureml-train-core, Version: 1.17.0 found.
2020-11-12 10:19:55.026 - INFO - 5634 - azureml.automl.core.package_utilities._has_versionconflict_or_not_installed:277 - Package: pyjwt, Version: 1.7.1 found.
2020-11-12 10:19:55.026 - INFO - 5634 - azureml.automl.core.package_utilities._has_versionconflict_or_not_installed:277 - Package: azure-mgmt-resource, Version: 10.2.0 found.
2020-11-12 10:19:55.026 - INFO - 5634 - azureml.automl.core.package_utilities._has_versionconflict_or_not_installed:277 - Package: pyopenssl, Version: 19.1.0 found.
2020-11-12 10:19:55.026 - INFO - 5634 - azureml.automl.core.package_utilities._has_versionconflict_or_not_installed:277 - Package: contextlib2, Version: 0.6.0.post1 found.
2020-11-12 10:19:55.027 - INFO - 5634 - azureml.automl.core.package_utilities._has_versionconflict_or_not_installed:277 - Package: requests, Version: 2.24.0 found.
2020-11-12 10:19:55.027 - INFO - 5634 - azureml.automl.core.package_utilities._has_versionconflict_or_not_installed:277 - Package: msrest, Version: 0.6.19 found.
2020-11-12 10:19:55.027 - INFO - 5634 - azureml.automl.core.package_utilities._has_versionconflict_or_not_installed:277 - Package: azure-mgmt-authorization, Version: 0.61.0 found.
2020-11-12 10:19:55.027 - INFO - 5634 - azureml.automl.core.package_utilities._has_versionconflict_or_not_installed:277 - Package: azure-mgmt-keyvault, Version: 2.2.0 found.
2020-11-12 10:19:55.028 - INFO - 5634 - azureml.automl.core.package_utilities._has_versionconflict_or_not_installed:277 - Package: cryptography, Version: 3.2 found.
2020-11-12 10:19:55.028 - INFO - 5634 - azureml.automl.core.package_utilities._has_versionconflict_or_not_installed:277 - Package: azure-mgmt-storage, Version: 11.2.0 found.
2020-11-12 10:19:55.028 - INFO - 5634 - azureml.automl.core.package_utilities._has_versionconflict_or_not_installed:277 - Package: pathspec, Version: 0.8.0 found.
2020-11-12 10:19:55.029 - INFO - 5634 - azureml.automl.core.package_utilities._has_versionconflict_or_not_installed:277 - Package: secretstorage, Version: 3.1.2 found.
2020-11-12 10:19:55.029 - INFO - 5634 - azureml.automl.core.package_utilities._has_versionconflict_or_not_installed:277 - Package: backports.tempfile, Version: 1.0 found.
2020-11-12 10:19:55.029 - INFO - 5634 - azureml.automl.core.package_utilities._has_versionconflict_or_not_installed:277 - Package: azure-graphrbac, Version: 0.61.1 found.
2020-11-12 10:19:55.029 - INFO - 5634 - azureml.automl.core.package_utilities._has_versionconflict_or_not_installed:277 - Package: msrestazure, Version: 0.6.4 found.
2020-11-12 10:19:55.029 - INFO - 5634 - azureml.automl.core.package_utilities._has_versionconflict_or_not_installed:277 - Package: docker, Version: 4.3.1 found.
2020-11-12 10:19:55.029 - INFO - 5634 - azureml.automl.core.package_utilities._has_versionconflict_or_not_installed:277 - Package: ndg-httpsclient, Version: 0.5.1 found.
2020-11-12 10:19:55.030 - INFO - 5634 - azureml.automl.core.package_utilities._has_versionconflict_or_not_installed:277 - Package: jsonpickle, Version: 1.4.1 found.
2020-11-12 10:19:55.030 - INFO - 5634 - azureml.automl.core.package_utilities._has_versionconflict_or_not_installed:277 - Package: jmespath, Version: 0.10.0 found.
2020-11-12 10:19:55.030 - INFO - 5634 - azureml.automl.core.package_utilities._has_versionconflict_or_not_installed:277 - Package: azure-common, Version: 1.1.25 found.
2020-11-12 10:19:55.030 - INFO - 5634 - azureml.automl.core.package_utilities._has_versionconflict_or_not_installed:277 - Package: ruamel.yaml, Version: 0.16.12 found.
2020-11-12 10:19:55.030 - INFO - 5634 - azureml.automl.core.package_utilities._has_versionconflict_or_not_installed:277 - Package: python-dateutil, Version: 2.8.1 found.
2020-11-12 10:19:55.030 - INFO - 5634 - azureml.automl.core.package_utilities._has_versionconflict_or_not_installed:277 - Package: azure-mgmt-containerregistry, Version: 2.8.0 found.
2020-11-12 10:19:55.031 - INFO - 5634 - azureml.automl.core.package_utilities._has_versionconflict_or_not_installed:277 - Package: urllib3, Version: 1.25.11 found.
2020-11-12 10:19:55.033 - INFO - 5634 - azureml.automl.core.package_utilities._has_versionconflict_or_not_installed:277 - Package: adal, Version: 1.2.5 found.
2020-11-12 10:19:55.034 - INFO - 5634 - azureml.automl.core.package_utilities._has_versionconflict_or_not_installed:277 - Package: pytz, Version: 2020.1 found.
2020-11-12 10:19:55.034 - INFO - 5634 - azureml.automl.core.package_utilities._has_versionconflict_or_not_installed:277 - Package: azureml-core, Version: 1.17.0 found.
2020-11-12 10:19:55.034 - INFO - 5634 - azureml.automl.core.package_utilities._has_versionconflict_or_not_installed:277 - Package: applicationinsights, Version: 0.11.9 found.
2020-11-12 10:19:55.049 - INFO - 5634 - azureml.automl.core.package_utilities._has_versionconflict_or_not_installed:277 - Package: azure-storage-queue, Version: 12.1.3 found.
2020-11-12 10:19:55.049 - INFO - 5634 - azureml.automl.core.package_utilities._has_versionconflict_or_not_installed:277 - Package: azureml-defaults, Version: 1.17.0 found.
2020-11-12 10:19:55.050 - INFO - 5634 - azureml.automl.core.package_utilities._has_versionconflict_or_not_installed:277 - Package: skl2onnx, Version: 1.4.9 found.
2020-11-12 10:19:55.050 - INFO - 5634 - azureml.automl.core.package_utilities._has_versionconflict_or_not_installed:277 - Package: scikit-learn, Version: 0.22.2.post1 found.
2020-11-12 10:19:55.050 - INFO - 5634 - azureml.automl.core.package_utilities._has_versionconflict_or_not_installed:277 - Package: azureml-automl-runtime, Version: 1.17.0 found.
2020-11-12 10:19:55.050 - INFO - 5634 - azureml.automl.core.package_utilities._has_versionconflict_or_not_installed:277 - Package: azureml-telemetry, Version: 1.17.0 found.
2020-11-12 10:19:55.050 - INFO - 5634 - azureml.automl.core.package_utilities._has_versionconflict_or_not_installed:277 - Package: smart-open, Version: 1.9.0 found.
2020-11-12 10:19:55.051 - INFO - 5634 - azureml.automl.core.package_utilities._has_versionconflict_or_not_installed:277 - Package: numpy, Version: 1.18.5 found.
2020-11-12 10:19:55.051 - INFO - 5634 - azureml.automl.core.package_utilities._has_versionconflict_or_not_installed:277 - Package: azureml-core, Version: 1.17.0 found.
2020-11-12 10:19:55.051 - INFO - 5634 - azureml.automl.core.package_utilities._has_versionconflict_or_not_installed:277 - Package: gensim, Version: 3.8.3 found.
2020-11-12 10:19:55.052 - INFO - 5634 - azureml.automl.core.package_utilities._has_versionconflict_or_not_installed:277 - Package: onnxmltools, Version: 1.4.1 found.
2020-11-12 10:19:55.052 - INFO - 5634 - azureml.automl.core.package_utilities._has_versionconflict_or_not_installed:277 - Package: pandas, Version: 0.25.3 found.
2020-11-12 10:19:55.052 - INFO - 5634 - azureml.automl.core.package_utilities._has_versionconflict_or_not_installed:277 - Package: scipy, Version: 1.5.2 found.
2020-11-12 10:19:55.053 - INFO - 5634 - azureml.automl.core.package_utilities._has_versionconflict_or_not_installed:277 - Package: sklearn-pandas, Version: 1.7.0 found.
2020-11-12 10:19:55.053 - INFO - 5634 - azureml.automl.core.package_utilities._has_versionconflict_or_not_installed:277 - Package: azureml-train-automl-client, Version: 1.17.0 found.
2020-11-12 10:19:55.053 - INFO - 5634 - azureml.automl.core.package_utilities._has_versionconflict_or_not_installed:277 - Package: jinja2, Version: 2.11.2 found.
2020-11-12 10:19:55.053 - INFO - 5634 - azureml.automl.core.package_utilities._has_versionconflict_or_not_installed:277 - Package: azureml-automl-core, Version: 1.17.0 found.
2020-11-12 10:19:55.053 - INFO - 5634 - azureml.automl.core.package_utilities._has_versionconflict_or_not_installed:277 - Package: statsmodels, Version: 0.10.2 found.
2020-11-12 10:19:55.053 - INFO - 5634 - azureml.automl.core.package_utilities._has_versionconflict_or_not_installed:277 - Package: keras2onnx, Version: 1.6.0 found.
2020-11-12 10:19:55.054 - INFO - 5634 - azureml.automl.core.package_utilities._has_versionconflict_or_not_installed:277 - Package: lightgbm, Version: 2.3.0 found.
2020-11-12 10:19:55.054 - INFO - 5634 - azureml.automl.core.package_utilities._has_versionconflict_or_not_installed:277 - Package: onnxconverter-common, Version: 1.6.0 found.
2020-11-12 10:19:55.054 - INFO - 5634 - azureml.automl.core.package_utilities._has_versionconflict_or_not_installed:277 - Package: azureml-dataset-runtime, Version: 1.17.0 found.
2020-11-12 10:19:55.054 - INFO - 5634 - azureml.automl.core.package_utilities._has_versionconflict_or_not_installed:277 - Package: onnx, Version: 1.6.0 found.
2020-11-12 10:19:55.054 - INFO - 5634 - azureml.automl.core.package_utilities._has_versionconflict_or_not_installed:277 - Package: onnxruntime, Version: 1.3.0 found.
2020-11-12 10:19:55.055 - INFO - 5634 - azureml.automl.core.package_utilities._has_versionconflict_or_not_installed:277 - Package: azureml-interpret, Version: 1.17.0 found.
2020-11-12 10:19:55.057 - INFO - 5634 - azureml.automl.core.package_utilities._has_versionconflict_or_not_installed:277 - Package: ipywidgets, Version: 7.5.1 found.
2020-11-12 10:19:55.057 - INFO - 5634 - azureml.automl.core.package_utilities._has_versionconflict_or_not_installed:277 - Package: azureml-core, Version: 1.17.0 found.
2020-11-12 10:19:55.057 - INFO - 5634 - azureml.automl.core.package_utilities._has_versionconflict_or_not_installed:277 - Package: azureml-telemetry, Version: 1.17.0 found.
2020-11-12 10:19:55.063 - INFO - 5634 - azureml.automl.core.package_utilities._has_versionconflict_or_not_installed:277 - Package: interpret-community, Version: 0.15.3 found.
2020-11-12 10:19:55.068 - INFO - 5634 - azureml.automl.core.package_utilities._has_versionconflict_or_not_installed:277 - Package: configparser, Version: 3.7.4 found.
2020-11-12 10:19:55.068 - INFO - 5634 - azureml.automl.core.package_utilities._has_versionconflict_or_not_installed:277 - Package: applicationinsights, Version: 0.11.9 found.
2020-11-12 10:19:55.068 - INFO - 5634 - azureml.automl.core.package_utilities._has_versionconflict_or_not_installed:277 - Package: azureml-model-management-sdk, Version: 1.0.1b6.post1 found.
2020-11-12 10:19:55.068 - INFO - 5634 - azureml.automl.core.package_utilities._has_versionconflict_or_not_installed:277 - Package: werkzeug, Version: 1.0.1 found.
2020-11-12 10:19:55.068 - INFO - 5634 - azureml.automl.core.package_utilities._has_versionconflict_or_not_installed:277 - Package: azureml-dataset-runtime, Version: 1.17.0 found.
2020-11-12 10:19:55.068 - INFO - 5634 - azureml.automl.core.package_utilities._has_versionconflict_or_not_installed:277 - Package: json-logging-py, Version: 0.2 found.
2020-11-12 10:19:55.069 - INFO - 5634 - azureml.automl.core.package_utilities._has_versionconflict_or_not_installed:277 - Package: flask, Version: 1.0.3 found.
2020-11-12 10:19:55.069 - INFO - 5634 - azureml.automl.core.package_utilities._has_versionconflict_or_not_installed:277 - Package: gunicorn, Version: 19.9.0 found.
2020-11-12 10:19:55.069 - INFO - 5634 - azureml.automl.core.package_utilities._has_versionconflict_or_not_installed:277 - Package: azureml-core, Version: 1.17.0 found.
2020-11-12 10:19:55.069 - INFO - 5634 - azureml.automl.core.package_utilities._has_versionconflict_or_not_installed:277 - Package: azureml-telemetry, Version: 1.17.0 found.
2020-11-12 10:19:55.069 - INFO - 5634 - azureml.automl.core.package_utilities._has_versionconflict_or_not_installed:277 - Package: azureml-dataset-runtime, Version: 1.17.0 found.
2020-11-12 10:19:55.070 - INFO - 5634 - azureml.automl.core.package_utilities._has_versionconflict_or_not_installed:277 - Package: azureml-core, Version: 1.17.0 found.
2020-11-12 10:19:55.070 - INFO - 5634 - azureml.automl.core.package_utilities._has_versionconflict_or_not_installed:277 - Package: dotnetcore2, Version: 2.1.17 found.
2020-11-12 10:19:55.070 - INFO - 5634 - azureml.automl.core.package_utilities._has_versionconflict_or_not_installed:277 - Package: azureml-dataprep-native, Version: 24.0.0 found.
2020-11-12 10:19:55.070 - INFO - 5634 - azureml.automl.core.package_utilities._has_versionconflict_or_not_installed:277 - Package: azureml-dataprep-rslex, Version: 1.2.2 found.
2020-11-12 10:19:55.071 - INFO - 5634 - azureml.automl.core.package_utilities._has_versionconflict_or_not_installed:277 - Package: cloudpickle, Version: 1.6.0 found.
2020-11-12 10:19:55.071 - INFO - 5634 - azureml.automl.core.package_utilities._has_versionconflict_or_not_installed:277 - Package: azure-identity, Version: 1.4.1 found.
2020-11-12 10:19:55.098 - INFO - 5634 - azureml.automl.core.package_utilities._has_versionconflict_or_not_installed:277 - Package: py-cpuinfo, Version: 5.0.0 found.
2020-11-12 10:19:55.099 - INFO - 5634 - azureml.automl.core.package_utilities._has_versionconflict_or_not_installed:277 - Package: pmdarima, Version: 1.1.1 found.
2020-11-12 10:19:55.099 - INFO - 5634 - azureml.automl.core.package_utilities._has_versionconflict_or_not_installed:277 - Package: skl2onnx, Version: 1.4.9 found.
2020-11-12 10:19:55.100 - INFO - 5634 - azureml.automl.core.package_utilities._has_versionconflict_or_not_installed:277 - Package: scikit-learn, Version: 0.22.2.post1 found.
2020-11-12 10:19:55.100 - INFO - 5634 - azureml.automl.core.package_utilities._has_versionconflict_or_not_installed:277 - Package: smart-open, Version: 1.9.0 found.
2020-11-12 10:19:55.100 - INFO - 5634 - azureml.automl.core.package_utilities._has_versionconflict_or_not_installed:277 - Package: numpy, Version: 1.18.5 found.
2020-11-12 10:19:55.100 - INFO - 5634 - azureml.automl.core.package_utilities._has_versionconflict_or_not_installed:277 - Package: gensim, Version: 3.8.3 found.
2020-11-12 10:19:55.100 - INFO - 5634 - azureml.automl.core.package_utilities._has_versionconflict_or_not_installed:277 - Package: onnxmltools, Version: 1.4.1 found.
2020-11-12 10:19:55.100 - INFO - 5634 - azureml.automl.core.package_utilities._has_versionconflict_or_not_installed:277 - Package: pandas, Version: 0.25.3 found.
2020-11-12 10:19:55.101 - INFO - 5634 - azureml.automl.core.package_utilities._has_versionconflict_or_not_installed:277 - Package: scipy, Version: 1.5.2 found.
2020-11-12 10:19:55.101 - INFO - 5634 - azureml.automl.core.package_utilities._has_versionconflict_or_not_installed:277 - Package: sklearn-pandas, Version: 1.7.0 found.
2020-11-12 10:19:55.101 - INFO - 5634 - azureml.automl.core.package_utilities._has_versionconflict_or_not_installed:277 - Package: statsmodels, Version: 0.10.2 found.
2020-11-12 10:19:55.101 - INFO - 5634 - azureml.automl.core.package_utilities._has_versionconflict_or_not_installed:277 - Package: azureml-automl-core, Version: 1.17.0 found.
2020-11-12 10:19:55.101 - INFO - 5634 - azureml.automl.core.package_utilities._has_versionconflict_or_not_installed:277 - Package: keras2onnx, Version: 1.6.0 found.
2020-11-12 10:19:55.102 - INFO - 5634 - azureml.automl.core.package_utilities._has_versionconflict_or_not_installed:277 - Package: joblib, Version: 0.14.1 found.
2020-11-12 10:19:55.102 - INFO - 5634 - azureml.automl.core.package_utilities._has_versionconflict_or_not_installed:277 - Package: lightgbm, Version: 2.3.0 found.
2020-11-12 10:19:55.102 - INFO - 5634 - azureml.automl.core.package_utilities._has_versionconflict_or_not_installed:277 - Package: psutil, Version: 5.7.2 found.
2020-11-12 10:19:55.102 - INFO - 5634 - azureml.automl.core.package_utilities._has_versionconflict_or_not_installed:277 - Package: onnxconverter-common, Version: 1.6.0 found.
2020-11-12 10:19:55.102 - INFO - 5634 - azureml.automl.core.package_utilities._has_versionconflict_or_not_installed:277 - Package: azureml-dataset-runtime, Version: 1.17.0 found.
2020-11-12 10:19:55.102 - INFO - 5634 - azureml.automl.core.package_utilities._has_versionconflict_or_not_installed:277 - Package: nimbusml, Version: 1.8.0 found.
2020-11-12 10:19:55.103 - INFO - 5634 - azureml.automl.core.package_utilities._has_versionconflict_or_not_installed:277 - Package: onnx, Version: 1.6.0 found.
2020-11-12 10:19:55.103 - INFO - 5634 - azureml.automl.core.package_utilities._has_versionconflict_or_not_installed:277 - Package: onnxruntime, Version: 1.3.0 found.
2020-11-12 10:19:55.103 - INFO - 5634 - azureml.automl.core.package_utilities._has_versionconflict_or_not_installed:277 - Package: dill, Version: 0.3.2 found.
2020-11-12 10:19:55.103 - INFO - 5634 - azureml.automl.core.package_utilities._get_package_incompatibilities:401 - Verified requirements file validated_linux_requirements.txt found.
2020-11-12 10:19:55.212 - WARNING - 5634 - azureml.automl.core.package_utilities._all_dependencies_conda_list:339 - subprocess failed to get dependencies list from conda
2020-11-12 10:19:55.213 - INFO - 5634 - azureml.automl.core.package_utilities._has_versionconflict_or_not_installed:277 - Package: adal, Version: 1.2.5 found.
2020-11-12 10:19:55.213 - INFO - 5634 - azureml.automl.core.package_utilities._has_versionconflict_or_not_installed:277 - Package: applicationinsights, Version: 0.11.9 found.
2020-11-12 10:19:55.214 - INFO - 5634 - azureml.automl.core.package_utilities._has_versionconflict_or_not_installed:277 - Package: azure-common, Version: 1.1.25 found.
2020-11-12 10:19:55.214 - INFO - 5634 - azureml.automl.core.package_utilities._has_versionconflict_or_not_installed:277 - Package: azure-core, Version: 1.8.2 found.
2020-11-12 10:19:55.214 - INFO - 5634 - azureml.automl.core.package_utilities._has_versionconflict_or_not_installed:277 - Package: azure-graphrbac, Version: 0.61.1 found.
2020-11-12 10:19:55.214 - INFO - 5634 - azureml.automl.core.package_utilities._has_versionconflict_or_not_installed:277 - Package: azure-identity, Version: 1.4.1 found.
2020-11-12 10:19:55.215 - INFO - 5634 - azureml.automl.core.package_utilities._has_versionconflict_or_not_installed:277 - Package: azure-mgmt-authorization, Version: 0.61.0 found.
2020-11-12 10:19:55.215 - INFO - 5634 - azureml.automl.core.package_utilities._has_versionconflict_or_not_installed:277 - Package: azure-mgmt-containerregistry, Version: 2.8.0 found.
2020-11-12 10:19:55.215 - INFO - 5634 - azureml.automl.core.package_utilities._has_versionconflict_or_not_installed:277 - Package: azure-mgmt-keyvault, Version: 2.2.0 found.
2020-11-12 10:19:55.215 - INFO - 5634 - azureml.automl.core.package_utilities._has_versionconflict_or_not_installed:277 - Package: azure-mgmt-resource, Version: 10.2.0 found.
2020-11-12 10:19:55.215 - INFO - 5634 - azureml.automl.core.package_utilities._has_versionconflict_or_not_installed:277 - Package: azure-mgmt-storage, Version: 11.2.0 found.
2020-11-12 10:19:55.216 - INFO - 5634 - azureml.automl.core.package_utilities._has_versionconflict_or_not_installed:277 - Package: azure-storage-queue, Version: 12.1.3 found.
2020-11-12 10:19:55.216 - INFO - 5634 - azureml.automl.core.package_utilities._has_versionconflict_or_not_installed:277 - Package: backports.tempfile, Version: 1.0 found.
2020-11-12 10:19:55.216 - INFO - 5634 - azureml.automl.core.package_utilities._has_versionconflict_or_not_installed:277 - Package: backports.weakref, Version: 1.0.post1 found.
2020-11-12 10:19:55.216 - INFO - 5634 - azureml.automl.core.package_utilities._has_versionconflict_or_not_installed:277 - Package: boto3, Version: 1.16.3 found.
2020-11-12 10:19:55.216 - INFO - 5634 - azureml.automl.core.package_utilities._has_versionconflict_or_not_installed:277 - Package: boto, Version: 2.49.0 found.
2020-11-12 10:19:55.216 - INFO - 5634 - azureml.automl.core.package_utilities._has_versionconflict_or_not_installed:277 - Package: botocore, Version: 1.19.3 found.
2020-11-12 10:19:55.217 - INFO - 5634 - azureml.automl.core.package_utilities._has_versionconflict_or_not_installed:277 - Package: certifi, Version: 2020.6.20 found.
2020-11-12 10:19:55.217 - INFO - 5634 - azureml.automl.core.package_utilities._has_versionconflict_or_not_installed:277 - Package: cffi, Version: 1.14.3 found.
2020-11-12 10:19:55.217 - INFO - 5634 - azureml.automl.core.package_utilities._has_versionconflict_or_not_installed:277 - Package: chardet, Version: 3.0.4 found.
2020-11-12 10:19:55.217 - INFO - 5634 - azureml.automl.core.package_utilities._has_versionconflict_or_not_installed:277 - Package: click, Version: 7.1.2 found.
2020-11-12 10:19:55.217 - INFO - 5634 - azureml.automl.core.package_utilities._has_versionconflict_or_not_installed:277 - Package: cloudpickle, Version: 1.6.0 found.
2020-11-12 10:19:55.217 - INFO - 5634 - azureml.automl.core.package_utilities._has_versionconflict_or_not_installed:277 - Package: configparser, Version: 3.7.4 found.
2020-11-12 10:19:55.217 - INFO - 5634 - azureml.automl.core.package_utilities._has_versionconflict_or_not_installed:277 - Package: contextlib2, Version: 0.6.0.post1 found.
2020-11-12 10:19:55.218 - WARNING - 5634 - azureml.automl.core.package_utilities._has_versionconflict_or_not_installed:283 - Package: cryptography, Version: 3.2 found.
2020-11-12 10:19:55.218 - ERROR - 5634 - azureml.automl.core.package_utilities._get_unverified_dependencies:310 - found incompatible requirement cryptography 3.2 but expected cryptography<=3.1.1.
2020-11-12 10:19:55.218 - INFO - 5634 - azureml.automl.core.package_utilities._has_versionconflict_or_not_installed:277 - Package: cython, Version: 0.29.21 found.
2020-11-12 10:19:55.218 - INFO - 5634 - azureml.automl.core.package_utilities._has_versionconflict_or_not_installed:277 - Package: dill, Version: 0.3.2 found.
2020-11-12 10:19:55.218 - INFO - 5634 - azureml.automl.core.package_utilities._has_versionconflict_or_not_installed:277 - Package: distro, Version: 1.5.0 found.
2020-11-12 10:19:55.218 - INFO - 5634 - azureml.automl.core.package_utilities._has_versionconflict_or_not_installed:277 - Package: docker, Version: 4.3.1 found.
2020-11-12 10:19:55.218 - INFO - 5634 - azureml.automl.core.package_utilities._has_versionconflict_or_not_installed:277 - Package: dotnetcore2, Version: 2.1.17 found.
2020-11-12 10:19:55.219 - INFO - 5634 - azureml.automl.core.package_utilities._has_versionconflict_or_not_installed:277 - Package: fire, Version: 0.3.1 found.
2020-11-12 10:19:55.219 - INFO - 5634 - azureml.automl.core.package_utilities._has_versionconflict_or_not_installed:277 - Package: flask, Version: 1.0.3 found.
2020-11-12 10:19:55.219 - INFO - 5634 - azureml.automl.core.package_utilities._has_versionconflict_or_not_installed:277 - Package: fusepy, Version: 3.0.1 found.
2020-11-12 10:19:55.219 - INFO - 5634 - azureml.automl.core.package_utilities._has_versionconflict_or_not_installed:277 - Package: gensim, Version: 3.8.3 found.
2020-11-12 10:19:55.219 - INFO - 5634 - azureml.automl.core.package_utilities._has_versionconflict_or_not_installed:277 - Package: gunicorn, Version: 19.9.0 found.
2020-11-12 10:19:55.219 - INFO - 5634 - azureml.automl.core.package_utilities._has_versionconflict_or_not_installed:277 - Package: idna, Version: 2.10 found.
2020-11-12 10:19:55.220 - INFO - 5634 - azureml.automl.core.package_utilities._has_versionconflict_or_not_installed:277 - Package: importlib-metadata, Version: 2.0.0 found.
2020-11-12 10:19:55.220 - INFO - 5634 - azureml.automl.core.package_utilities._has_versionconflict_or_not_installed:277 - Package: interpret-community, Version: 0.15.3 found.
2020-11-12 10:19:55.220 - INFO - 5634 - azureml.automl.core.package_utilities._has_versionconflict_or_not_installed:277 - Package: interpret-core, Version: 0.2.1 found.
2020-11-12 10:19:55.220 - INFO - 5634 - azureml.automl.core.package_utilities._has_versionconflict_or_not_installed:277 - Package: isodate, Version: 0.6.0 found.
2020-11-12 10:19:55.220 - INFO - 5634 - azureml.automl.core.package_utilities._has_versionconflict_or_not_installed:277 - Package: itsdangerous, Version: 1.1.0 found.
2020-11-12 10:19:55.220 - INFO - 5634 - azureml.automl.core.package_utilities._has_versionconflict_or_not_installed:277 - Package: jeepney, Version: 0.4.3 found.
2020-11-12 10:19:55.221 - INFO - 5634 - azureml.automl.core.package_utilities._has_versionconflict_or_not_installed:277 - Package: jinja2, Version: 2.11.2 found.
2020-11-12 10:19:55.221 - INFO - 5634 - azureml.automl.core.package_utilities._has_versionconflict_or_not_installed:277 - Package: jmespath, Version: 0.10.0 found.
2020-11-12 10:19:55.221 - INFO - 5634 - azureml.automl.core.package_utilities._has_versionconflict_or_not_installed:277 - Package: joblib, Version: 0.14.1 found.
2020-11-12 10:19:55.221 - INFO - 5634 - azureml.automl.core.package_utilities._has_versionconflict_or_not_installed:277 - Package: json-logging-py, Version: 0.2 found.
2020-11-12 10:19:55.221 - INFO - 5634 - azureml.automl.core.package_utilities._has_versionconflict_or_not_installed:277 - Package: jsonpickle, Version: 1.4.1 found.
2020-11-12 10:19:55.221 - INFO - 5634 - azureml.automl.core.package_utilities._has_versionconflict_or_not_installed:277 - Package: keras2onnx, Version: 1.6.0 found.
2020-11-12 10:19:55.221 - INFO - 5634 - azureml.automl.core.package_utilities._has_versionconflict_or_not_installed:277 - Package: liac-arff, Version: 2.5.0 found.
2020-11-12 10:19:55.221 - INFO - 5634 - azureml.automl.core.package_utilities._has_versionconflict_or_not_installed:277 - Package: lightgbm, Version: 2.3.0 found.
2020-11-12 10:19:55.222 - INFO - 5634 - azureml.automl.core.package_utilities._has_versionconflict_or_not_installed:277 - Package: markupsafe, Version: 1.1.1 found.
2020-11-12 10:19:55.222 - INFO - 5634 - azureml.automl.core.package_utilities._has_versionconflict_or_not_installed:277 - Package: msal-extensions, Version: 0.2.2 found.
2020-11-12 10:19:55.222 - INFO - 5634 - azureml.automl.core.package_utilities._has_versionconflict_or_not_installed:277 - Package: msal, Version: 1.5.1 found.
2020-11-12 10:19:55.222 - INFO - 5634 - azureml.automl.core.package_utilities._has_versionconflict_or_not_installed:277 - Package: msrest, Version: 0.6.19 found.
2020-11-12 10:19:55.222 - INFO - 5634 - azureml.automl.core.package_utilities._has_versionconflict_or_not_installed:277 - Package: msrestazure, Version: 0.6.4 found.
2020-11-12 10:19:55.222 - INFO - 5634 - azureml.automl.core.package_utilities._has_versionconflict_or_not_installed:277 - Package: ndg-httpsclient, Version: 0.5.1 found.
2020-11-12 10:19:55.223 - INFO - 5634 - azureml.automl.core.package_utilities._has_versionconflict_or_not_installed:277 - Package: nimbusml, Version: 1.8.0 found.
2020-11-12 10:19:55.224 - INFO - 5634 - azureml.automl.core.package_utilities._has_versionconflict_or_not_installed:277 - Package: numpy, Version: 1.18.5 found.
2020-11-12 10:19:55.224 - INFO - 5634 - azureml.automl.core.package_utilities._has_versionconflict_or_not_installed:277 - Package: oauthlib, Version: 3.1.0 found.
2020-11-12 10:19:55.224 - INFO - 5634 - azureml.automl.core.package_utilities._has_versionconflict_or_not_installed:277 - Package: onnx, Version: 1.6.0 found.
2020-11-12 10:19:55.224 - INFO - 5634 - azureml.automl.core.package_utilities._has_versionconflict_or_not_installed:277 - Package: onnxconverter-common, Version: 1.6.0 found.
2020-11-12 10:19:55.225 - INFO - 5634 - azureml.automl.core.package_utilities._has_versionconflict_or_not_installed:277 - Package: onnxmltools, Version: 1.4.1 found.
2020-11-12 10:19:55.225 - INFO - 5634 - azureml.automl.core.package_utilities._has_versionconflict_or_not_installed:277 - Package: onnxruntime, Version: 1.3.0 found.
2020-11-12 10:19:55.225 - INFO - 5634 - azureml.automl.core.package_utilities._has_versionconflict_or_not_installed:277 - Package: packaging, Version: 20.4 found.
2020-11-12 10:19:55.225 - INFO - 5634 - azureml.automl.core.package_utilities._has_versionconflict_or_not_installed:277 - Package: pandas, Version: 0.25.3 found.
2020-11-12 10:19:55.225 - INFO - 5634 - azureml.automl.core.package_utilities._has_versionconflict_or_not_installed:277 - Package: pathspec, Version: 0.8.0 found.
2020-11-12 10:19:55.225 - INFO - 5634 - azureml.automl.core.package_utilities._has_versionconflict_or_not_installed:277 - Package: patsy, Version: 0.5.1 found.
2020-11-12 10:19:55.225 - INFO - 5634 - azureml.automl.core.package_utilities._has_versionconflict_or_not_installed:277 - Package: pmdarima, Version: 1.1.1 found.
2020-11-12 10:19:55.226 - INFO - 5634 - azureml.automl.core.package_utilities._has_versionconflict_or_not_installed:277 - Package: portalocker, Version: 1.7.1 found.
2020-11-12 10:19:55.226 - INFO - 5634 - azureml.automl.core.package_utilities._has_versionconflict_or_not_installed:277 - Package: protobuf, Version: 3.13.0 found.
2020-11-12 10:19:55.226 - INFO - 5634 - azureml.automl.core.package_utilities._has_versionconflict_or_not_installed:277 - Package: psutil, Version: 5.7.2 found.
2020-11-12 10:19:55.226 - INFO - 5634 - azureml.automl.core.package_utilities._has_versionconflict_or_not_installed:277 - Package: py-cpuinfo, Version: 5.0.0 found.
2020-11-12 10:19:55.226 - INFO - 5634 - azureml.automl.core.package_utilities._has_versionconflict_or_not_installed:277 - Package: pyarrow, Version: 1.0.1 found.
2020-11-12 10:19:55.226 - INFO - 5634 - azureml.automl.core.package_utilities._has_versionconflict_or_not_installed:277 - Package: pyasn1, Version: 0.4.8 found.
2020-11-12 10:19:55.226 - INFO - 5634 - azureml.automl.core.package_utilities._has_versionconflict_or_not_installed:277 - Package: pycparser, Version: 2.20 found.
2020-11-12 10:19:55.227 - INFO - 5634 - azureml.automl.core.package_utilities._has_versionconflict_or_not_installed:277 - Package: pyjwt, Version: 1.7.1 found.
2020-11-12 10:19:55.227 - INFO - 5634 - azureml.automl.core.package_utilities._has_versionconflict_or_not_installed:277 - Package: pyopenssl, Version: 19.1.0 found.
2020-11-12 10:19:55.227 - INFO - 5634 - azureml.automl.core.package_utilities._has_versionconflict_or_not_installed:277 - Package: pyparsing, Version: 2.4.7 found.
2020-11-12 10:19:55.227 - INFO - 5634 - azureml.automl.core.package_utilities._has_versionconflict_or_not_installed:277 - Package: python-dateutil, Version: 2.8.1 found.
2020-11-12 10:19:55.227 - INFO - 5634 - azureml.automl.core.package_utilities._has_versionconflict_or_not_installed:277 - Package: pytz, Version: 2020.1 found.
2020-11-12 10:19:55.227 - INFO - 5634 - azureml.automl.core.package_utilities._has_versionconflict_or_not_installed:277 - Package: requests-oauthlib, Version: 1.3.0 found.
2020-11-12 10:19:55.227 - INFO - 5634 - azureml.automl.core.package_utilities._has_versionconflict_or_not_installed:277 - Package: requests, Version: 2.24.0 found.
2020-11-12 10:19:55.228 - INFO - 5634 - azureml.automl.core.package_utilities._has_versionconflict_or_not_installed:277 - Package: ruamel.yaml.clib, Version: 0.2.2 found.
2020-11-12 10:19:55.228 - INFO - 5634 - azureml.automl.core.package_utilities._has_versionconflict_or_not_installed:277 - Package: ruamel.yaml, Version: 0.16.12 found.
2020-11-12 10:19:55.228 - INFO - 5634 - azureml.automl.core.package_utilities._has_versionconflict_or_not_installed:277 - Package: s3transfer, Version: 0.3.3 found.
2020-11-12 10:19:55.228 - INFO - 5634 - azureml.automl.core.package_utilities._has_versionconflict_or_not_installed:277 - Package: scikit-learn, Version: 0.22.2.post1 found.
2020-11-12 10:19:55.228 - INFO - 5634 - azureml.automl.core.package_utilities._has_versionconflict_or_not_installed:277 - Package: scipy, Version: 1.5.2 found.
2020-11-12 10:19:55.228 - INFO - 5634 - azureml.automl.core.package_utilities._has_versionconflict_or_not_installed:277 - Package: secretstorage, Version: 3.1.2 found.
2020-11-12 10:19:55.228 - INFO - 5634 - azureml.automl.core.package_utilities._has_versionconflict_or_not_installed:277 - Package: shap, Version: 0.34.0 found.
2020-11-12 10:19:55.229 - INFO - 5634 - azureml.automl.core.package_utilities._has_versionconflict_or_not_installed:277 - Package: six, Version: 1.15.0 found.
2020-11-12 10:19:55.229 - INFO - 5634 - azureml.automl.core.package_utilities._has_versionconflict_or_not_installed:277 - Package: skl2onnx, Version: 1.4.9 found.
2020-11-12 10:19:55.229 - INFO - 5634 - azureml.automl.core.package_utilities._has_versionconflict_or_not_installed:277 - Package: sklearn-pandas, Version: 1.7.0 found.
2020-11-12 10:19:55.229 - INFO - 5634 - azureml.automl.core.package_utilities._has_versionconflict_or_not_installed:277 - Package: smart-open, Version: 1.9.0 found.
2020-11-12 10:19:55.229 - INFO - 5634 - azureml.automl.core.package_utilities._has_versionconflict_or_not_installed:277 - Package: statsmodels, Version: 0.10.2 found.
2020-11-12 10:19:55.229 - INFO - 5634 - azureml.automl.core.package_utilities._has_versionconflict_or_not_installed:277 - Package: termcolor, Version: 1.1.0 found.
2020-11-12 10:19:55.230 - INFO - 5634 - azureml.automl.core.package_utilities._has_versionconflict_or_not_installed:277 - Package: tqdm, Version: 4.50.2 found.
2020-11-12 10:19:55.230 - INFO - 5634 - azureml.automl.core.package_utilities._has_versionconflict_or_not_installed:277 - Package: typing-extensions, Version: 3.7.4.3 found.
2020-11-12 10:19:55.230 - INFO - 5634 - azureml.automl.core.package_utilities._has_versionconflict_or_not_installed:277 - Package: urllib3, Version: 1.25.11 found.
2020-11-12 10:19:55.230 - INFO - 5634 - azureml.automl.core.package_utilities._has_versionconflict_or_not_installed:277 - Package: websocket-client, Version: 0.57.0 found.
2020-11-12 10:19:55.230 - INFO - 5634 - azureml.automl.core.package_utilities._has_versionconflict_or_not_installed:277 - Package: werkzeug, Version: 1.0.1 found.
2020-11-12 10:19:55.230 - WARNING - 5634 - azureml.automl.core.package_utilities._has_versionconflict_or_not_installed:283 - Package: zipp, Version: 3.4.0 found.
2020-11-12 10:19:55.230 - ERROR - 5634 - azureml.automl.core.package_utilities._get_unverified_dependencies:310 - found incompatible requirement zipp 3.4.0 but expected zipp<=3.3.1.
2020-11-12 10:19:55.230 - INFO - 5634 - azureml.automl.core.package_utilities._get_unverified_dependencies:315 - User has the following compatible packages installed:
adal==1.2.5
applicationinsights==0.11.9
azure-common==1.1.25
azure-core==1.8.2
azure-graphrbac==0.61.1
azure-identity==1.4.1
azure-mgmt-authorization==0.61.0
azure-mgmt-containerregistry==2.8.0
azure-mgmt-keyvault==2.2.0
azure-mgmt-resource==10.2.0
azure-mgmt-storage==11.2.0
azure-storage-queue==12.1.3
backports.tempfile==1.0
backports.weakref==1.0.post1
boto3==1.16.3
boto==2.49.0
botocore==1.19.3
certifi==2020.6.20
cffi==1.14.3
chardet==3.0.4
click==7.1.2
cloudpickle==1.6.0
configparser==3.7.4
contextlib2==0.6.0.post1
cython==0.29.21
dill==0.3.2
distro==1.5.0
docker==4.3.1
dotnetcore2==2.1.17
fire==0.3.1
flask==1.0.3
fusepy==3.0.1
gensim==3.8.3
gunicorn==19.9.0
idna==2.10
importlib-metadata==2.0.0
interpret-community==0.15.3
interpret-core==0.2.1
isodate==0.6.0
itsdangerous==1.1.0
jeepney==0.4.3
jinja2==2.11.2
jmespath==0.10.0
joblib==0.14.1
json-logging-py==0.2
jsonpickle==1.4.1
keras2onnx==1.6.0
liac-arff==2.5.0
lightgbm==2.3.0
markupsafe==1.1.1
msal-extensions==0.2.2
msal==1.5.1
msrest==0.6.19
msrestazure==0.6.4
ndg-httpsclient==0.5.1
nimbusml==1.8.0
numpy==1.18.5
oauthlib==3.1.0
onnx==1.6.0
onnxconverter-common==1.6.0
onnxmltools==1.4.1
onnxruntime==1.3.0
packaging==20.4
pandas==0.25.3
pathspec==0.8.0
patsy==0.5.1
pmdarima==1.1.1
portalocker==1.7.1
protobuf==3.13.0
psutil==5.7.2
py-cpuinfo==5.0.0
pyarrow==1.0.1
pyasn1==0.4.8
pycparser==2.20
pyjwt==1.7.1
pyopenssl==19.1.0
pyparsing==2.4.7
python-dateutil==2.8.1
pytz==2020.1
requests-oauthlib==1.3.0
requests==2.24.0
ruamel.yaml.clib==0.2.2
ruamel.yaml==0.16.12
s3transfer==0.3.3
scikit-learn==0.22.2.post1
scipy==1.5.2
secretstorage==3.1.2
shap==0.34.0
six==1.15.0
skl2onnx==1.4.9
sklearn-pandas==1.7.0
smart-open==1.9.0
statsmodels==0.10.2
termcolor==1.1.0
tqdm==4.50.2
typing-extensions==3.7.4.3
urllib3==1.25.11
websocket-client==0.57.0
werkzeug==1.0.1
2020-11-12 10:19:55.250 - CRITICAL - 5634 - azureml.automl.core.package_utilities.log_traceback:224 - Type: IncompatibleOrMissingDependency
Class: ValidationException
Message: ValidationException:
	Message: Install the required versions of packages using the requirements file. Requirements file location: /anaconda/envs/azureml_py36/lib/python3.6/site-packages/azureml/automl/core/validated_linux_requirements.txt. Alternatively, use remote target to avoid dependency management. 
Required version/Installed version
cryptography<=3.1.1/cryptography 3.2
zipp<=3.3.1/zipp 3.4.0
	InnerException: None
	ErrorResponse 
{
    "error": {
        "code": "UserError",
        "message": "Install the required versions of packages using the requirements file. Requirements file location: /anaconda/envs/azureml_py36/lib/python3.6/site-packages/azureml/automl/core/validated_linux_requirements.txt. Alternatively, use remote target to avoid dependency management. \nRequired version/Installed version\ncryptography<=3.1.1/cryptography 3.2\nzipp<=3.3.1/zipp 3.4.0",
        "inner_error": {
            "code": "NotSupported",
            "inner_error": {
                "code": "IncompatibleOrMissingDependency"
            }
        },
        "reference_code": "65e7ad52-ad1f-4915-85ad-440d0a5e221f"
    }
}
Traceback:
  File "telemetry_activity_logger.py", line 49, in _log_activity
    yield
  File "package_utilities.py", line 465, in _get_package_incompatibilities
    validated_requirements_file_path=VALIDATED_REQ_FILE_PATH

ExceptionTarget: Unspecified
2020-11-12 10:19:55.251 - INFO - 5634 - azureml.automl.core.package_utilities._log_activity:70 - ActivityCompleted: Activity=PackagesCheck, HowEnded=Failure, Duration=244.24[ms]
2020-11-12 10:23:00.795 - INFO - 5634 - azureml.train.automl.automlconfig._start_execution:223 - Local run configuration provided with docker set to False. Running local managed run.
2020-11-12 10:23:00.796 - INFO - 5634 - azureml.train.automl.automlconfig._start_execution:257 - Submitting local legacy run.
2020-11-12 10:23:00.797 - INFO - 5634 - azureml.automl.core.package_utilities._log_activity:46 - ActivityStarted: PackagesCheck
2020-11-12 10:23:00.804 - INFO - 5634 - azureml.automl.core.package_utilities._has_versionconflict_or_not_installed:277 - Package: azureml-core, Version: 1.17.0 found.
2020-11-12 10:23:00.806 - INFO - 5634 - azureml.automl.core.package_utilities._has_versionconflict_or_not_installed:277 - Package: azureml-telemetry, Version: 1.17.0 found.
2020-11-12 10:23:00.806 - INFO - 5634 - azureml.automl.core.package_utilities._has_versionconflict_or_not_installed:277 - Package: azureml-dataset-runtime, Version: 1.17.0 found.
2020-11-12 10:23:00.807 - INFO - 5634 - azureml.automl.core.package_utilities._has_versionconflict_or_not_installed:277 - Package: azureml-automl-core, Version: 1.17.0 found.
2020-11-12 10:23:00.807 - INFO - 5634 - azureml.automl.core.package_utilities._has_versionconflict_or_not_installed:277 - Package: azureml-core, Version: 1.17.0 found.
2020-11-12 10:23:00.808 - INFO - 5634 - azureml.automl.core.package_utilities._has_versionconflict_or_not_installed:277 - Package: azureml-telemetry, Version: 1.17.0 found.
2020-11-12 10:23:00.808 - INFO - 5634 - azureml.automl.core.package_utilities._has_versionconflict_or_not_installed:277 - Package: azureml-train-restclients-hyperdrive, Version: 1.17.0 found.
2020-11-12 10:23:00.808 - INFO - 5634 - azureml.automl.core.package_utilities._has_versionconflict_or_not_installed:277 - Package: msrestazure, Version: 0.6.4 found.
2020-11-12 10:23:00.810 - INFO - 5634 - azureml.automl.core.package_utilities._has_versionconflict_or_not_installed:277 - Package: requests, Version: 2.24.0 found.
2020-11-12 10:23:00.811 - INFO - 5634 - azureml.automl.core.package_utilities._has_versionconflict_or_not_installed:277 - Package: msrest, Version: 0.6.19 found.
2020-11-12 10:23:00.811 - INFO - 5634 - azureml.automl.core.package_utilities._has_versionconflict_or_not_installed:277 - Package: azureml-train-automl-client, Version: 1.17.0 found.
2020-11-12 10:23:00.812 - INFO - 5634 - azureml.automl.core.package_utilities._has_versionconflict_or_not_installed:277 - Package: azureml-pipeline-core, Version: 1.17.0 found.
2020-11-12 10:23:00.812 - INFO - 5634 - azureml.automl.core.package_utilities._has_versionconflict_or_not_installed:277 - Package: azureml-train-core, Version: 1.17.0 found.
2020-11-12 10:23:00.812 - INFO - 5634 - azureml.automl.core.package_utilities._has_versionconflict_or_not_installed:277 - Package: pyjwt, Version: 1.7.1 found.
2020-11-12 10:23:00.813 - INFO - 5634 - azureml.automl.core.package_utilities._has_versionconflict_or_not_installed:277 - Package: azure-mgmt-resource, Version: 10.2.0 found.
2020-11-12 10:23:00.813 - INFO - 5634 - azureml.automl.core.package_utilities._has_versionconflict_or_not_installed:277 - Package: pyopenssl, Version: 19.1.0 found.
2020-11-12 10:23:00.814 - INFO - 5634 - azureml.automl.core.package_utilities._has_versionconflict_or_not_installed:277 - Package: contextlib2, Version: 0.6.0.post1 found.
2020-11-12 10:23:00.818 - INFO - 5634 - azureml.automl.core.package_utilities._has_versionconflict_or_not_installed:277 - Package: requests, Version: 2.24.0 found.
2020-11-12 10:23:00.818 - INFO - 5634 - azureml.automl.core.package_utilities._has_versionconflict_or_not_installed:277 - Package: msrest, Version: 0.6.19 found.
2020-11-12 10:23:00.819 - INFO - 5634 - azureml.automl.core.package_utilities._has_versionconflict_or_not_installed:277 - Package: azure-mgmt-authorization, Version: 0.61.0 found.
2020-11-12 10:23:00.820 - INFO - 5634 - azureml.automl.core.package_utilities._has_versionconflict_or_not_installed:277 - Package: azure-mgmt-keyvault, Version: 2.2.0 found.
2020-11-12 10:23:00.820 - INFO - 5634 - azureml.automl.core.package_utilities._has_versionconflict_or_not_installed:277 - Package: cryptography, Version: 3.2 found.
2020-11-12 10:23:00.821 - INFO - 5634 - azureml.automl.core.package_utilities._has_versionconflict_or_not_installed:277 - Package: azure-mgmt-storage, Version: 11.2.0 found.
2020-11-12 10:23:00.821 - INFO - 5634 - azureml.automl.core.package_utilities._has_versionconflict_or_not_installed:277 - Package: pathspec, Version: 0.8.0 found.
2020-11-12 10:23:00.821 - INFO - 5634 - azureml.automl.core.package_utilities._has_versionconflict_or_not_installed:277 - Package: secretstorage, Version: 3.1.2 found.
2020-11-12 10:23:00.821 - INFO - 5634 - azureml.automl.core.package_utilities._has_versionconflict_or_not_installed:277 - Package: backports.tempfile, Version: 1.0 found.
2020-11-12 10:23:00.822 - INFO - 5634 - azureml.automl.core.package_utilities._has_versionconflict_or_not_installed:277 - Package: azure-graphrbac, Version: 0.61.1 found.
2020-11-12 10:23:00.822 - INFO - 5634 - azureml.automl.core.package_utilities._has_versionconflict_or_not_installed:277 - Package: msrestazure, Version: 0.6.4 found.
2020-11-12 10:23:00.822 - INFO - 5634 - azureml.automl.core.package_utilities._has_versionconflict_or_not_installed:277 - Package: docker, Version: 4.3.1 found.
2020-11-12 10:23:00.822 - INFO - 5634 - azureml.automl.core.package_utilities._has_versionconflict_or_not_installed:277 - Package: ndg-httpsclient, Version: 0.5.1 found.
2020-11-12 10:23:00.823 - INFO - 5634 - azureml.automl.core.package_utilities._has_versionconflict_or_not_installed:277 - Package: jsonpickle, Version: 1.4.1 found.
2020-11-12 10:23:00.823 - INFO - 5634 - azureml.automl.core.package_utilities._has_versionconflict_or_not_installed:277 - Package: jmespath, Version: 0.10.0 found.
2020-11-12 10:23:00.823 - INFO - 5634 - azureml.automl.core.package_utilities._has_versionconflict_or_not_installed:277 - Package: azure-common, Version: 1.1.25 found.
2020-11-12 10:23:00.823 - INFO - 5634 - azureml.automl.core.package_utilities._has_versionconflict_or_not_installed:277 - Package: ruamel.yaml, Version: 0.16.12 found.
2020-11-12 10:23:00.824 - INFO - 5634 - azureml.automl.core.package_utilities._has_versionconflict_or_not_installed:277 - Package: python-dateutil, Version: 2.8.1 found.
2020-11-12 10:23:00.830 - INFO - 5634 - azureml.automl.core.package_utilities._has_versionconflict_or_not_installed:277 - Package: azure-mgmt-containerregistry, Version: 2.8.0 found.
2020-11-12 10:23:00.830 - INFO - 5634 - azureml.automl.core.package_utilities._has_versionconflict_or_not_installed:277 - Package: urllib3, Version: 1.25.11 found.
2020-11-12 10:23:00.830 - INFO - 5634 - azureml.automl.core.package_utilities._has_versionconflict_or_not_installed:277 - Package: adal, Version: 1.2.5 found.
2020-11-12 10:23:00.830 - INFO - 5634 - azureml.automl.core.package_utilities._has_versionconflict_or_not_installed:277 - Package: pytz, Version: 2020.1 found.
2020-11-12 10:23:00.830 - INFO - 5634 - azureml.automl.core.package_utilities._has_versionconflict_or_not_installed:277 - Package: azureml-core, Version: 1.17.0 found.
2020-11-12 10:23:00.830 - INFO - 5634 - azureml.automl.core.package_utilities._has_versionconflict_or_not_installed:277 - Package: applicationinsights, Version: 0.11.9 found.
2020-11-12 10:23:00.831 - INFO - 5634 - azureml.automl.core.package_utilities._has_versionconflict_or_not_installed:277 - Package: azure-storage-queue, Version: 12.1.3 found.
2020-11-12 10:23:00.831 - INFO - 5634 - azureml.automl.core.package_utilities._has_versionconflict_or_not_installed:277 - Package: azureml-defaults, Version: 1.17.0 found.
2020-11-12 10:23:00.831 - INFO - 5634 - azureml.automl.core.package_utilities._has_versionconflict_or_not_installed:277 - Package: skl2onnx, Version: 1.4.9 found.
2020-11-12 10:23:00.831 - INFO - 5634 - azureml.automl.core.package_utilities._has_versionconflict_or_not_installed:277 - Package: scikit-learn, Version: 0.22.2.post1 found.
2020-11-12 10:23:00.831 - INFO - 5634 - azureml.automl.core.package_utilities._has_versionconflict_or_not_installed:277 - Package: azureml-automl-runtime, Version: 1.17.0 found.
2020-11-12 10:23:00.831 - INFO - 5634 - azureml.automl.core.package_utilities._has_versionconflict_or_not_installed:277 - Package: azureml-telemetry, Version: 1.17.0 found.
2020-11-12 10:23:00.832 - INFO - 5634 - azureml.automl.core.package_utilities._has_versionconflict_or_not_installed:277 - Package: smart-open, Version: 1.9.0 found.
2020-11-12 10:23:00.832 - INFO - 5634 - azureml.automl.core.package_utilities._has_versionconflict_or_not_installed:277 - Package: numpy, Version: 1.18.5 found.
2020-11-12 10:23:00.833 - INFO - 5634 - azureml.automl.core.package_utilities._has_versionconflict_or_not_installed:277 - Package: azureml-core, Version: 1.17.0 found.
2020-11-12 10:23:00.833 - INFO - 5634 - azureml.automl.core.package_utilities._has_versionconflict_or_not_installed:277 - Package: gensim, Version: 3.8.3 found.
2020-11-12 10:23:00.833 - INFO - 5634 - azureml.automl.core.package_utilities._has_versionconflict_or_not_installed:277 - Package: onnxmltools, Version: 1.4.1 found.
2020-11-12 10:23:00.834 - INFO - 5634 - azureml.automl.core.package_utilities._has_versionconflict_or_not_installed:277 - Package: pandas, Version: 0.25.3 found.
2020-11-12 10:23:00.834 - INFO - 5634 - azureml.automl.core.package_utilities._has_versionconflict_or_not_installed:277 - Package: scipy, Version: 1.5.2 found.
2020-11-12 10:23:00.834 - INFO - 5634 - azureml.automl.core.package_utilities._has_versionconflict_or_not_installed:277 - Package: sklearn-pandas, Version: 1.7.0 found.
2020-11-12 10:23:00.834 - INFO - 5634 - azureml.automl.core.package_utilities._has_versionconflict_or_not_installed:277 - Package: azureml-train-automl-client, Version: 1.17.0 found.
2020-11-12 10:23:00.834 - INFO - 5634 - azureml.automl.core.package_utilities._has_versionconflict_or_not_installed:277 - Package: jinja2, Version: 2.11.2 found.
2020-11-12 10:23:00.835 - INFO - 5634 - azureml.automl.core.package_utilities._has_versionconflict_or_not_installed:277 - Package: azureml-automl-core, Version: 1.17.0 found.
2020-11-12 10:23:00.835 - INFO - 5634 - azureml.automl.core.package_utilities._has_versionconflict_or_not_installed:277 - Package: statsmodels, Version: 0.10.2 found.
2020-11-12 10:23:00.835 - INFO - 5634 - azureml.automl.core.package_utilities._has_versionconflict_or_not_installed:277 - Package: keras2onnx, Version: 1.6.0 found.
2020-11-12 10:23:00.835 - INFO - 5634 - azureml.automl.core.package_utilities._has_versionconflict_or_not_installed:277 - Package: lightgbm, Version: 2.3.0 found.
2020-11-12 10:23:00.835 - INFO - 5634 - azureml.automl.core.package_utilities._has_versionconflict_or_not_installed:277 - Package: onnxconverter-common, Version: 1.6.0 found.
2020-11-12 10:23:00.836 - INFO - 5634 - azureml.automl.core.package_utilities._has_versionconflict_or_not_installed:277 - Package: azureml-dataset-runtime, Version: 1.17.0 found.
2020-11-12 10:23:00.836 - INFO - 5634 - azureml.automl.core.package_utilities._has_versionconflict_or_not_installed:277 - Package: onnx, Version: 1.6.0 found.
2020-11-12 10:23:00.836 - INFO - 5634 - azureml.automl.core.package_utilities._has_versionconflict_or_not_installed:277 - Package: onnxruntime, Version: 1.3.0 found.
2020-11-12 10:23:00.837 - INFO - 5634 - azureml.automl.core.package_utilities._has_versionconflict_or_not_installed:277 - Package: azureml-interpret, Version: 1.17.0 found.
2020-11-12 10:23:00.837 - INFO - 5634 - azureml.automl.core.package_utilities._has_versionconflict_or_not_installed:277 - Package: ipywidgets, Version: 7.5.1 found.
2020-11-12 10:23:00.837 - INFO - 5634 - azureml.automl.core.package_utilities._has_versionconflict_or_not_installed:277 - Package: azureml-core, Version: 1.17.0 found.
2020-11-12 10:23:00.837 - INFO - 5634 - azureml.automl.core.package_utilities._has_versionconflict_or_not_installed:277 - Package: azureml-telemetry, Version: 1.17.0 found.
2020-11-12 10:23:00.837 - INFO - 5634 - azureml.automl.core.package_utilities._has_versionconflict_or_not_installed:277 - Package: interpret-community, Version: 0.15.3 found.
2020-11-12 10:23:00.838 - INFO - 5634 - azureml.automl.core.package_utilities._has_versionconflict_or_not_installed:277 - Package: configparser, Version: 3.7.4 found.
2020-11-12 10:23:00.838 - INFO - 5634 - azureml.automl.core.package_utilities._has_versionconflict_or_not_installed:277 - Package: applicationinsights, Version: 0.11.9 found.
2020-11-12 10:23:00.844 - INFO - 5634 - azureml.automl.core.package_utilities._has_versionconflict_or_not_installed:277 - Package: azureml-model-management-sdk, Version: 1.0.1b6.post1 found.
2020-11-12 10:23:00.844 - INFO - 5634 - azureml.automl.core.package_utilities._has_versionconflict_or_not_installed:277 - Package: werkzeug, Version: 1.0.1 found.
2020-11-12 10:23:00.845 - INFO - 5634 - azureml.automl.core.package_utilities._has_versionconflict_or_not_installed:277 - Package: azureml-dataset-runtime, Version: 1.17.0 found.
2020-11-12 10:23:00.845 - INFO - 5634 - azureml.automl.core.package_utilities._has_versionconflict_or_not_installed:277 - Package: json-logging-py, Version: 0.2 found.
2020-11-12 10:23:00.845 - INFO - 5634 - azureml.automl.core.package_utilities._has_versionconflict_or_not_installed:277 - Package: flask, Version: 1.0.3 found.
2020-11-12 10:23:00.845 - INFO - 5634 - azureml.automl.core.package_utilities._has_versionconflict_or_not_installed:277 - Package: gunicorn, Version: 19.9.0 found.
2020-11-12 10:23:00.845 - INFO - 5634 - azureml.automl.core.package_utilities._has_versionconflict_or_not_installed:277 - Package: azureml-core, Version: 1.17.0 found.
2020-11-12 10:23:00.846 - INFO - 5634 - azureml.automl.core.package_utilities._has_versionconflict_or_not_installed:277 - Package: azureml-telemetry, Version: 1.17.0 found.
2020-11-12 10:23:00.846 - INFO - 5634 - azureml.automl.core.package_utilities._has_versionconflict_or_not_installed:277 - Package: azureml-dataset-runtime, Version: 1.17.0 found.
2020-11-12 10:23:00.846 - INFO - 5634 - azureml.automl.core.package_utilities._has_versionconflict_or_not_installed:277 - Package: azureml-core, Version: 1.17.0 found.
2020-11-12 10:23:00.846 - INFO - 5634 - azureml.automl.core.package_utilities._has_versionconflict_or_not_installed:277 - Package: dotnetcore2, Version: 2.1.17 found.
2020-11-12 10:23:00.847 - INFO - 5634 - azureml.automl.core.package_utilities._has_versionconflict_or_not_installed:277 - Package: azureml-dataprep-native, Version: 24.0.0 found.
2020-11-12 10:23:00.847 - INFO - 5634 - azureml.automl.core.package_utilities._has_versionconflict_or_not_installed:277 - Package: azureml-dataprep-rslex, Version: 1.2.2 found.
2020-11-12 10:23:00.847 - INFO - 5634 - azureml.automl.core.package_utilities._has_versionconflict_or_not_installed:277 - Package: cloudpickle, Version: 1.6.0 found.
2020-11-12 10:23:00.847 - INFO - 5634 - azureml.automl.core.package_utilities._has_versionconflict_or_not_installed:277 - Package: azure-identity, Version: 1.4.1 found.
2020-11-12 10:23:00.847 - INFO - 5634 - azureml.automl.core.package_utilities._has_versionconflict_or_not_installed:277 - Package: py-cpuinfo, Version: 5.0.0 found.
2020-11-12 10:23:00.848 - INFO - 5634 - azureml.automl.core.package_utilities._has_versionconflict_or_not_installed:277 - Package: pmdarima, Version: 1.1.1 found.
2020-11-12 10:23:00.848 - INFO - 5634 - azureml.automl.core.package_utilities._has_versionconflict_or_not_installed:277 - Package: skl2onnx, Version: 1.4.9 found.
2020-11-12 10:23:00.848 - INFO - 5634 - azureml.automl.core.package_utilities._has_versionconflict_or_not_installed:277 - Package: scikit-learn, Version: 0.22.2.post1 found.
2020-11-12 10:23:00.848 - INFO - 5634 - azureml.automl.core.package_utilities._has_versionconflict_or_not_installed:277 - Package: smart-open, Version: 1.9.0 found.
2020-11-12 10:23:00.848 - INFO - 5634 - azureml.automl.core.package_utilities._has_versionconflict_or_not_installed:277 - Package: numpy, Version: 1.18.5 found.
2020-11-12 10:23:00.848 - INFO - 5634 - azureml.automl.core.package_utilities._has_versionconflict_or_not_installed:277 - Package: gensim, Version: 3.8.3 found.
2020-11-12 10:23:00.848 - INFO - 5634 - azureml.automl.core.package_utilities._has_versionconflict_or_not_installed:277 - Package: onnxmltools, Version: 1.4.1 found.
2020-11-12 10:23:00.848 - INFO - 5634 - azureml.automl.core.package_utilities._has_versionconflict_or_not_installed:277 - Package: pandas, Version: 0.25.3 found.
2020-11-12 10:23:00.849 - INFO - 5634 - azureml.automl.core.package_utilities._has_versionconflict_or_not_installed:277 - Package: scipy, Version: 1.5.2 found.
2020-11-12 10:23:00.849 - INFO - 5634 - azureml.automl.core.package_utilities._has_versionconflict_or_not_installed:277 - Package: sklearn-pandas, Version: 1.7.0 found.
2020-11-12 10:23:00.849 - INFO - 5634 - azureml.automl.core.package_utilities._has_versionconflict_or_not_installed:277 - Package: statsmodels, Version: 0.10.2 found.
2020-11-12 10:23:00.849 - INFO - 5634 - azureml.automl.core.package_utilities._has_versionconflict_or_not_installed:277 - Package: azureml-automl-core, Version: 1.17.0 found.
2020-11-12 10:23:00.849 - INFO - 5634 - azureml.automl.core.package_utilities._has_versionconflict_or_not_installed:277 - Package: keras2onnx, Version: 1.6.0 found.
2020-11-12 10:23:00.849 - INFO - 5634 - azureml.automl.core.package_utilities._has_versionconflict_or_not_installed:277 - Package: joblib, Version: 0.14.1 found.
2020-11-12 10:23:00.850 - INFO - 5634 - azureml.automl.core.package_utilities._has_versionconflict_or_not_installed:277 - Package: lightgbm, Version: 2.3.0 found.
2020-11-12 10:23:00.850 - INFO - 5634 - azureml.automl.core.package_utilities._has_versionconflict_or_not_installed:277 - Package: psutil, Version: 5.7.2 found.
2020-11-12 10:23:00.850 - INFO - 5634 - azureml.automl.core.package_utilities._has_versionconflict_or_not_installed:277 - Package: onnxconverter-common, Version: 1.6.0 found.
2020-11-12 10:23:00.850 - INFO - 5634 - azureml.automl.core.package_utilities._has_versionconflict_or_not_installed:277 - Package: azureml-dataset-runtime, Version: 1.17.0 found.
2020-11-12 10:23:00.850 - INFO - 5634 - azureml.automl.core.package_utilities._has_versionconflict_or_not_installed:277 - Package: nimbusml, Version: 1.8.0 found.
2020-11-12 10:23:00.850 - INFO - 5634 - azureml.automl.core.package_utilities._has_versionconflict_or_not_installed:277 - Package: onnx, Version: 1.6.0 found.
2020-11-12 10:23:00.850 - INFO - 5634 - azureml.automl.core.package_utilities._has_versionconflict_or_not_installed:277 - Package: onnxruntime, Version: 1.3.0 found.
2020-11-12 10:23:00.851 - INFO - 5634 - azureml.automl.core.package_utilities._has_versionconflict_or_not_installed:277 - Package: dill, Version: 0.3.2 found.
2020-11-12 10:23:00.853 - INFO - 5634 - azureml.automl.core.package_utilities._get_package_incompatibilities:401 - Verified requirements file validated_linux_requirements.txt found.
2020-11-12 10:23:00.958 - WARNING - 5634 - azureml.automl.core.package_utilities._all_dependencies_conda_list:339 - subprocess failed to get dependencies list from conda
2020-11-12 10:23:00.959 - INFO - 5634 - azureml.automl.core.package_utilities._has_versionconflict_or_not_installed:277 - Package: adal, Version: 1.2.5 found.
2020-11-12 10:23:00.959 - INFO - 5634 - azureml.automl.core.package_utilities._has_versionconflict_or_not_installed:277 - Package: applicationinsights, Version: 0.11.9 found.
2020-11-12 10:23:00.960 - INFO - 5634 - azureml.automl.core.package_utilities._has_versionconflict_or_not_installed:277 - Package: azure-common, Version: 1.1.25 found.
2020-11-12 10:23:00.960 - INFO - 5634 - azureml.automl.core.package_utilities._has_versionconflict_or_not_installed:277 - Package: azure-core, Version: 1.8.2 found.
2020-11-12 10:23:00.961 - INFO - 5634 - azureml.automl.core.package_utilities._has_versionconflict_or_not_installed:277 - Package: azure-graphrbac, Version: 0.61.1 found.
2020-11-12 10:23:00.961 - INFO - 5634 - azureml.automl.core.package_utilities._has_versionconflict_or_not_installed:277 - Package: azure-identity, Version: 1.4.1 found.
2020-11-12 10:23:00.961 - INFO - 5634 - azureml.automl.core.package_utilities._has_versionconflict_or_not_installed:277 - Package: azure-mgmt-authorization, Version: 0.61.0 found.
2020-11-12 10:23:00.962 - INFO - 5634 - azureml.automl.core.package_utilities._has_versionconflict_or_not_installed:277 - Package: azure-mgmt-containerregistry, Version: 2.8.0 found.
2020-11-12 10:23:00.962 - INFO - 5634 - azureml.automl.core.package_utilities._has_versionconflict_or_not_installed:277 - Package: azure-mgmt-keyvault, Version: 2.2.0 found.
2020-11-12 10:23:00.962 - INFO - 5634 - azureml.automl.core.package_utilities._has_versionconflict_or_not_installed:277 - Package: azure-mgmt-resource, Version: 10.2.0 found.
2020-11-12 10:23:00.962 - INFO - 5634 - azureml.automl.core.package_utilities._has_versionconflict_or_not_installed:277 - Package: azure-mgmt-storage, Version: 11.2.0 found.
2020-11-12 10:23:00.962 - INFO - 5634 - azureml.automl.core.package_utilities._has_versionconflict_or_not_installed:277 - Package: azure-storage-queue, Version: 12.1.3 found.
2020-11-12 10:23:00.962 - INFO - 5634 - azureml.automl.core.package_utilities._has_versionconflict_or_not_installed:277 - Package: backports.tempfile, Version: 1.0 found.
2020-11-12 10:23:00.962 - INFO - 5634 - azureml.automl.core.package_utilities._has_versionconflict_or_not_installed:277 - Package: backports.weakref, Version: 1.0.post1 found.
2020-11-12 10:23:00.963 - INFO - 5634 - azureml.automl.core.package_utilities._has_versionconflict_or_not_installed:277 - Package: boto3, Version: 1.16.3 found.
2020-11-12 10:23:00.963 - INFO - 5634 - azureml.automl.core.package_utilities._has_versionconflict_or_not_installed:277 - Package: boto, Version: 2.49.0 found.
2020-11-12 10:23:00.963 - INFO - 5634 - azureml.automl.core.package_utilities._has_versionconflict_or_not_installed:277 - Package: botocore, Version: 1.19.3 found.
2020-11-12 10:23:00.963 - INFO - 5634 - azureml.automl.core.package_utilities._has_versionconflict_or_not_installed:277 - Package: certifi, Version: 2020.6.20 found.
2020-11-12 10:23:00.963 - INFO - 5634 - azureml.automl.core.package_utilities._has_versionconflict_or_not_installed:277 - Package: cffi, Version: 1.14.3 found.
2020-11-12 10:23:00.963 - INFO - 5634 - azureml.automl.core.package_utilities._has_versionconflict_or_not_installed:277 - Package: chardet, Version: 3.0.4 found.
2020-11-12 10:23:00.963 - INFO - 5634 - azureml.automl.core.package_utilities._has_versionconflict_or_not_installed:277 - Package: click, Version: 7.1.2 found.
2020-11-12 10:23:00.964 - INFO - 5634 - azureml.automl.core.package_utilities._has_versionconflict_or_not_installed:277 - Package: cloudpickle, Version: 1.6.0 found.
2020-11-12 10:23:00.964 - INFO - 5634 - azureml.automl.core.package_utilities._has_versionconflict_or_not_installed:277 - Package: configparser, Version: 3.7.4 found.
2020-11-12 10:23:00.964 - INFO - 5634 - azureml.automl.core.package_utilities._has_versionconflict_or_not_installed:277 - Package: contextlib2, Version: 0.6.0.post1 found.
2020-11-12 10:23:00.964 - WARNING - 5634 - azureml.automl.core.package_utilities._has_versionconflict_or_not_installed:283 - Package: cryptography, Version: 3.2 found.
2020-11-12 10:23:00.964 - ERROR - 5634 - azureml.automl.core.package_utilities._get_unverified_dependencies:310 - found incompatible requirement cryptography 3.2 but expected cryptography<=3.1.1.
2020-11-12 10:23:00.964 - INFO - 5634 - azureml.automl.core.package_utilities._has_versionconflict_or_not_installed:277 - Package: cython, Version: 0.29.21 found.
2020-11-12 10:23:00.964 - INFO - 5634 - azureml.automl.core.package_utilities._has_versionconflict_or_not_installed:277 - Package: dill, Version: 0.3.2 found.
2020-11-12 10:23:00.965 - INFO - 5634 - azureml.automl.core.package_utilities._has_versionconflict_or_not_installed:277 - Package: distro, Version: 1.5.0 found.
2020-11-12 10:23:00.965 - INFO - 5634 - azureml.automl.core.package_utilities._has_versionconflict_or_not_installed:277 - Package: docker, Version: 4.3.1 found.
2020-11-12 10:23:00.965 - INFO - 5634 - azureml.automl.core.package_utilities._has_versionconflict_or_not_installed:277 - Package: dotnetcore2, Version: 2.1.17 found.
2020-11-12 10:23:00.965 - INFO - 5634 - azureml.automl.core.package_utilities._has_versionconflict_or_not_installed:277 - Package: fire, Version: 0.3.1 found.
2020-11-12 10:23:00.965 - INFO - 5634 - azureml.automl.core.package_utilities._has_versionconflict_or_not_installed:277 - Package: flask, Version: 1.0.3 found.
2020-11-12 10:23:00.965 - INFO - 5634 - azureml.automl.core.package_utilities._has_versionconflict_or_not_installed:277 - Package: fusepy, Version: 3.0.1 found.
2020-11-12 10:23:00.965 - INFO - 5634 - azureml.automl.core.package_utilities._has_versionconflict_or_not_installed:277 - Package: gensim, Version: 3.8.3 found.
2020-11-12 10:23:00.965 - INFO - 5634 - azureml.automl.core.package_utilities._has_versionconflict_or_not_installed:277 - Package: gunicorn, Version: 19.9.0 found.
2020-11-12 10:23:00.966 - INFO - 5634 - azureml.automl.core.package_utilities._has_versionconflict_or_not_installed:277 - Package: idna, Version: 2.10 found.
2020-11-12 10:23:00.966 - INFO - 5634 - azureml.automl.core.package_utilities._has_versionconflict_or_not_installed:277 - Package: importlib-metadata, Version: 2.0.0 found.
2020-11-12 10:23:00.966 - INFO - 5634 - azureml.automl.core.package_utilities._has_versionconflict_or_not_installed:277 - Package: interpret-community, Version: 0.15.3 found.
2020-11-12 10:23:00.966 - INFO - 5634 - azureml.automl.core.package_utilities._has_versionconflict_or_not_installed:277 - Package: interpret-core, Version: 0.2.1 found.
2020-11-12 10:23:00.967 - INFO - 5634 - azureml.automl.core.package_utilities._has_versionconflict_or_not_installed:277 - Package: isodate, Version: 0.6.0 found.
2020-11-12 10:23:00.967 - INFO - 5634 - azureml.automl.core.package_utilities._has_versionconflict_or_not_installed:277 - Package: itsdangerous, Version: 1.1.0 found.
2020-11-12 10:23:00.967 - INFO - 5634 - azureml.automl.core.package_utilities._has_versionconflict_or_not_installed:277 - Package: jeepney, Version: 0.4.3 found.
2020-11-12 10:23:00.967 - INFO - 5634 - azureml.automl.core.package_utilities._has_versionconflict_or_not_installed:277 - Package: jinja2, Version: 2.11.2 found.
2020-11-12 10:23:00.967 - INFO - 5634 - azureml.automl.core.package_utilities._has_versionconflict_or_not_installed:277 - Package: jmespath, Version: 0.10.0 found.
2020-11-12 10:23:00.967 - INFO - 5634 - azureml.automl.core.package_utilities._has_versionconflict_or_not_installed:277 - Package: joblib, Version: 0.14.1 found.
2020-11-12 10:23:00.968 - INFO - 5634 - azureml.automl.core.package_utilities._has_versionconflict_or_not_installed:277 - Package: json-logging-py, Version: 0.2 found.
2020-11-12 10:23:00.968 - INFO - 5634 - azureml.automl.core.package_utilities._has_versionconflict_or_not_installed:277 - Package: jsonpickle, Version: 1.4.1 found.
2020-11-12 10:23:00.968 - INFO - 5634 - azureml.automl.core.package_utilities._has_versionconflict_or_not_installed:277 - Package: keras2onnx, Version: 1.6.0 found.
2020-11-12 10:23:00.969 - INFO - 5634 - azureml.automl.core.package_utilities._has_versionconflict_or_not_installed:277 - Package: liac-arff, Version: 2.5.0 found.
2020-11-12 10:23:00.969 - INFO - 5634 - azureml.automl.core.package_utilities._has_versionconflict_or_not_installed:277 - Package: lightgbm, Version: 2.3.0 found.
2020-11-12 10:23:00.969 - INFO - 5634 - azureml.automl.core.package_utilities._has_versionconflict_or_not_installed:277 - Package: markupsafe, Version: 1.1.1 found.
2020-11-12 10:23:00.969 - INFO - 5634 - azureml.automl.core.package_utilities._has_versionconflict_or_not_installed:277 - Package: msal-extensions, Version: 0.2.2 found.
2020-11-12 10:23:00.969 - INFO - 5634 - azureml.automl.core.package_utilities._has_versionconflict_or_not_installed:277 - Package: msal, Version: 1.5.1 found.
2020-11-12 10:23:00.969 - INFO - 5634 - azureml.automl.core.package_utilities._has_versionconflict_or_not_installed:277 - Package: msrest, Version: 0.6.19 found.
2020-11-12 10:23:00.970 - INFO - 5634 - azureml.automl.core.package_utilities._has_versionconflict_or_not_installed:277 - Package: msrestazure, Version: 0.6.4 found.
2020-11-12 10:23:00.970 - INFO - 5634 - azureml.automl.core.package_utilities._has_versionconflict_or_not_installed:277 - Package: ndg-httpsclient, Version: 0.5.1 found.
2020-11-12 10:23:00.970 - INFO - 5634 - azureml.automl.core.package_utilities._has_versionconflict_or_not_installed:277 - Package: nimbusml, Version: 1.8.0 found.
2020-11-12 10:23:00.971 - INFO - 5634 - azureml.automl.core.package_utilities._has_versionconflict_or_not_installed:277 - Package: numpy, Version: 1.18.5 found.
2020-11-12 10:23:00.971 - INFO - 5634 - azureml.automl.core.package_utilities._has_versionconflict_or_not_installed:277 - Package: oauthlib, Version: 3.1.0 found.
2020-11-12 10:23:00.971 - INFO - 5634 - azureml.automl.core.package_utilities._has_versionconflict_or_not_installed:277 - Package: onnx, Version: 1.6.0 found.
2020-11-12 10:23:00.971 - INFO - 5634 - azureml.automl.core.package_utilities._has_versionconflict_or_not_installed:277 - Package: onnxconverter-common, Version: 1.6.0 found.
2020-11-12 10:23:00.971 - INFO - 5634 - azureml.automl.core.package_utilities._has_versionconflict_or_not_installed:277 - Package: onnxmltools, Version: 1.4.1 found.
2020-11-12 10:23:00.971 - INFO - 5634 - azureml.automl.core.package_utilities._has_versionconflict_or_not_installed:277 - Package: onnxruntime, Version: 1.3.0 found.
2020-11-12 10:23:00.972 - INFO - 5634 - azureml.automl.core.package_utilities._has_versionconflict_or_not_installed:277 - Package: packaging, Version: 20.4 found.
2020-11-12 10:23:00.974 - INFO - 5634 - azureml.automl.core.package_utilities._has_versionconflict_or_not_installed:277 - Package: pandas, Version: 0.25.3 found.
2020-11-12 10:23:00.974 - INFO - 5634 - azureml.automl.core.package_utilities._has_versionconflict_or_not_installed:277 - Package: pathspec, Version: 0.8.0 found.
2020-11-12 10:23:00.974 - INFO - 5634 - azureml.automl.core.package_utilities._has_versionconflict_or_not_installed:277 - Package: patsy, Version: 0.5.1 found.
2020-11-12 10:23:00.974 - INFO - 5634 - azureml.automl.core.package_utilities._has_versionconflict_or_not_installed:277 - Package: pmdarima, Version: 1.1.1 found.
2020-11-12 10:23:00.974 - INFO - 5634 - azureml.automl.core.package_utilities._has_versionconflict_or_not_installed:277 - Package: portalocker, Version: 1.7.1 found.
2020-11-12 10:23:00.975 - INFO - 5634 - azureml.automl.core.package_utilities._has_versionconflict_or_not_installed:277 - Package: protobuf, Version: 3.13.0 found.
2020-11-12 10:23:00.975 - INFO - 5634 - azureml.automl.core.package_utilities._has_versionconflict_or_not_installed:277 - Package: psutil, Version: 5.7.2 found.
2020-11-12 10:23:00.975 - INFO - 5634 - azureml.automl.core.package_utilities._has_versionconflict_or_not_installed:277 - Package: py-cpuinfo, Version: 5.0.0 found.
2020-11-12 10:23:00.975 - INFO - 5634 - azureml.automl.core.package_utilities._has_versionconflict_or_not_installed:277 - Package: pyarrow, Version: 1.0.1 found.
2020-11-12 10:23:00.975 - INFO - 5634 - azureml.automl.core.package_utilities._has_versionconflict_or_not_installed:277 - Package: pyasn1, Version: 0.4.8 found.
2020-11-12 10:23:00.975 - INFO - 5634 - azureml.automl.core.package_utilities._has_versionconflict_or_not_installed:277 - Package: pycparser, Version: 2.20 found.
2020-11-12 10:23:00.975 - INFO - 5634 - azureml.automl.core.package_utilities._has_versionconflict_or_not_installed:277 - Package: pyjwt, Version: 1.7.1 found.
2020-11-12 10:23:00.976 - INFO - 5634 - azureml.automl.core.package_utilities._has_versionconflict_or_not_installed:277 - Package: pyopenssl, Version: 19.1.0 found.
2020-11-12 10:23:00.976 - INFO - 5634 - azureml.automl.core.package_utilities._has_versionconflict_or_not_installed:277 - Package: pyparsing, Version: 2.4.7 found.
2020-11-12 10:23:00.976 - INFO - 5634 - azureml.automl.core.package_utilities._has_versionconflict_or_not_installed:277 - Package: python-dateutil, Version: 2.8.1 found.
2020-11-12 10:23:00.976 - INFO - 5634 - azureml.automl.core.package_utilities._has_versionconflict_or_not_installed:277 - Package: pytz, Version: 2020.1 found.
2020-11-12 10:23:00.976 - INFO - 5634 - azureml.automl.core.package_utilities._has_versionconflict_or_not_installed:277 - Package: requests-oauthlib, Version: 1.3.0 found.
2020-11-12 10:23:00.976 - INFO - 5634 - azureml.automl.core.package_utilities._has_versionconflict_or_not_installed:277 - Package: requests, Version: 2.24.0 found.
2020-11-12 10:23:00.977 - INFO - 5634 - azureml.automl.core.package_utilities._has_versionconflict_or_not_installed:277 - Package: ruamel.yaml.clib, Version: 0.2.2 found.
2020-11-12 10:23:00.977 - INFO - 5634 - azureml.automl.core.package_utilities._has_versionconflict_or_not_installed:277 - Package: ruamel.yaml, Version: 0.16.12 found.
2020-11-12 10:23:00.977 - INFO - 5634 - azureml.automl.core.package_utilities._has_versionconflict_or_not_installed:277 - Package: s3transfer, Version: 0.3.3 found.
2020-11-12 10:23:00.977 - INFO - 5634 - azureml.automl.core.package_utilities._has_versionconflict_or_not_installed:277 - Package: scikit-learn, Version: 0.22.2.post1 found.
2020-11-12 10:23:00.977 - INFO - 5634 - azureml.automl.core.package_utilities._has_versionconflict_or_not_installed:277 - Package: scipy, Version: 1.5.2 found.
2020-11-12 10:23:00.977 - INFO - 5634 - azureml.automl.core.package_utilities._has_versionconflict_or_not_installed:277 - Package: secretstorage, Version: 3.1.2 found.
2020-11-12 10:23:00.977 - INFO - 5634 - azureml.automl.core.package_utilities._has_versionconflict_or_not_installed:277 - Package: shap, Version: 0.34.0 found.
2020-11-12 10:23:00.978 - INFO - 5634 - azureml.automl.core.package_utilities._has_versionconflict_or_not_installed:277 - Package: six, Version: 1.15.0 found.
2020-11-12 10:23:00.978 - INFO - 5634 - azureml.automl.core.package_utilities._has_versionconflict_or_not_installed:277 - Package: skl2onnx, Version: 1.4.9 found.
2020-11-12 10:23:00.978 - INFO - 5634 - azureml.automl.core.package_utilities._has_versionconflict_or_not_installed:277 - Package: sklearn-pandas, Version: 1.7.0 found.
2020-11-12 10:23:00.978 - INFO - 5634 - azureml.automl.core.package_utilities._has_versionconflict_or_not_installed:277 - Package: smart-open, Version: 1.9.0 found.
2020-11-12 10:23:00.978 - INFO - 5634 - azureml.automl.core.package_utilities._has_versionconflict_or_not_installed:277 - Package: statsmodels, Version: 0.10.2 found.
2020-11-12 10:23:00.978 - INFO - 5634 - azureml.automl.core.package_utilities._has_versionconflict_or_not_installed:277 - Package: termcolor, Version: 1.1.0 found.
2020-11-12 10:23:00.978 - INFO - 5634 - azureml.automl.core.package_utilities._has_versionconflict_or_not_installed:277 - Package: tqdm, Version: 4.50.2 found.
2020-11-12 10:23:00.978 - INFO - 5634 - azureml.automl.core.package_utilities._has_versionconflict_or_not_installed:277 - Package: typing-extensions, Version: 3.7.4.3 found.
2020-11-12 10:23:00.979 - INFO - 5634 - azureml.automl.core.package_utilities._has_versionconflict_or_not_installed:277 - Package: urllib3, Version: 1.25.11 found.
2020-11-12 10:23:00.979 - INFO - 5634 - azureml.automl.core.package_utilities._has_versionconflict_or_not_installed:277 - Package: websocket-client, Version: 0.57.0 found.
2020-11-12 10:23:00.979 - INFO - 5634 - azureml.automl.core.package_utilities._has_versionconflict_or_not_installed:277 - Package: werkzeug, Version: 1.0.1 found.
2020-11-12 10:23:00.979 - WARNING - 5634 - azureml.automl.core.package_utilities._has_versionconflict_or_not_installed:283 - Package: zipp, Version: 3.4.0 found.
2020-11-12 10:23:00.979 - ERROR - 5634 - azureml.automl.core.package_utilities._get_unverified_dependencies:310 - found incompatible requirement zipp 3.4.0 but expected zipp<=3.3.1.
2020-11-12 10:23:00.979 - INFO - 5634 - azureml.automl.core.package_utilities._get_unverified_dependencies:315 - User has the following compatible packages installed:
adal==1.2.5
applicationinsights==0.11.9
azure-common==1.1.25
azure-core==1.8.2
azure-graphrbac==0.61.1
azure-identity==1.4.1
azure-mgmt-authorization==0.61.0
azure-mgmt-containerregistry==2.8.0
azure-mgmt-keyvault==2.2.0
azure-mgmt-resource==10.2.0
azure-mgmt-storage==11.2.0
azure-storage-queue==12.1.3
backports.tempfile==1.0
backports.weakref==1.0.post1
boto3==1.16.3
boto==2.49.0
botocore==1.19.3
certifi==2020.6.20
cffi==1.14.3
chardet==3.0.4
click==7.1.2
cloudpickle==1.6.0
configparser==3.7.4
contextlib2==0.6.0.post1
cython==0.29.21
dill==0.3.2
distro==1.5.0
docker==4.3.1
dotnetcore2==2.1.17
fire==0.3.1
flask==1.0.3
fusepy==3.0.1
gensim==3.8.3
gunicorn==19.9.0
idna==2.10
importlib-metadata==2.0.0
interpret-community==0.15.3
interpret-core==0.2.1
isodate==0.6.0
itsdangerous==1.1.0
jeepney==0.4.3
jinja2==2.11.2
jmespath==0.10.0
joblib==0.14.1
json-logging-py==0.2
jsonpickle==1.4.1
keras2onnx==1.6.0
liac-arff==2.5.0
lightgbm==2.3.0
markupsafe==1.1.1
msal-extensions==0.2.2
msal==1.5.1
msrest==0.6.19
msrestazure==0.6.4
ndg-httpsclient==0.5.1
nimbusml==1.8.0
numpy==1.18.5
oauthlib==3.1.0
onnx==1.6.0
onnxconverter-common==1.6.0
onnxmltools==1.4.1
onnxruntime==1.3.0
packaging==20.4
pandas==0.25.3
pathspec==0.8.0
patsy==0.5.1
pmdarima==1.1.1
portalocker==1.7.1
protobuf==3.13.0
psutil==5.7.2
py-cpuinfo==5.0.0
pyarrow==1.0.1
pyasn1==0.4.8
pycparser==2.20
pyjwt==1.7.1
pyopenssl==19.1.0
pyparsing==2.4.7
python-dateutil==2.8.1
pytz==2020.1
requests-oauthlib==1.3.0
requests==2.24.0
ruamel.yaml.clib==0.2.2
ruamel.yaml==0.16.12
s3transfer==0.3.3
scikit-learn==0.22.2.post1
scipy==1.5.2
secretstorage==3.1.2
shap==0.34.0
six==1.15.0
skl2onnx==1.4.9
sklearn-pandas==1.7.0
smart-open==1.9.0
statsmodels==0.10.2
termcolor==1.1.0
tqdm==4.50.2
typing-extensions==3.7.4.3
urllib3==1.25.11
websocket-client==0.57.0
werkzeug==1.0.1
2020-11-12 10:23:00.986 - CRITICAL - 5634 - azureml.automl.core.package_utilities.log_traceback:224 - Type: IncompatibleOrMissingDependency
Class: ValidationException
Message: ValidationException:
	Message: Install the required versions of packages using the requirements file. Requirements file location: /anaconda/envs/azureml_py36/lib/python3.6/site-packages/azureml/automl/core/validated_linux_requirements.txt. Alternatively, use remote target to avoid dependency management. 
Required version/Installed version
cryptography<=3.1.1/cryptography 3.2
zipp<=3.3.1/zipp 3.4.0
	InnerException: None
	ErrorResponse 
{
    "error": {
        "code": "UserError",
        "message": "Install the required versions of packages using the requirements file. Requirements file location: /anaconda/envs/azureml_py36/lib/python3.6/site-packages/azureml/automl/core/validated_linux_requirements.txt. Alternatively, use remote target to avoid dependency management. \nRequired version/Installed version\ncryptography<=3.1.1/cryptography 3.2\nzipp<=3.3.1/zipp 3.4.0",
        "inner_error": {
            "code": "NotSupported",
            "inner_error": {
                "code": "IncompatibleOrMissingDependency"
            }
        },
        "reference_code": "65e7ad52-ad1f-4915-85ad-440d0a5e221f"
    }
}
Traceback:
  File "telemetry_activity_logger.py", line 49, in _log_activity
    yield
  File "package_utilities.py", line 465, in _get_package_incompatibilities
    validated_requirements_file_path=VALIDATED_REQ_FILE_PATH

ExceptionTarget: Unspecified
2020-11-12 10:23:00.991 - INFO - 5634 - azureml.automl.core.package_utilities._log_activity:70 - ActivityCompleted: Activity=PackagesCheck, HowEnded=Failure, Duration=194.49[ms]
2020-11-12 10:24:37.530 - INFO - 5634 - azureml.train.automl.automlconfig._start_execution:269 - Submitting remote.
2020-11-12 11:11:48.281 - INFO - 5634 - azureml.train.automl.run._log_activity:46 - ActivityStarted: GetOutput
2020-11-12 11:11:48.352 - INFO - 5634 - azureml.train.automl.run._log_activity:46 - ActivityStarted: GetOutput
2020-11-12 11:11:48.371 - INFO - 5634 - azureml.train.automl.run._log_activity:46 - ActivityStarted: GetChildren
2020-11-12 11:13:07.423 - INFO - 5634 - azureml.train.automl.run._log_activity:70 - ActivityCompleted: Activity=GetChildren, HowEnded=Success, Duration=79051.78[ms]
2020-11-12 11:13:07.423 - INFO - 5634 - azureml.train.automl.run._log_activity:70 - ActivityCompleted: Activity=GetOutput, HowEnded=Success, Duration=79070.71[ms]
2020-11-12 11:13:07.451 - INFO - 5634 - azureml.train.automl.run._log_activity:46 - ActivityStarted: DownloadModel
2020-11-12 11:13:16.927 - INFO - 5634 - azureml.automl.runtime.featurization.data_transformer._logger_wrapper:81 - Feature sweeping enabled: False
2020-11-12 11:13:16.927 - INFO - 5634 - azureml.automl.runtime.featurization.data_transformer._logger_wrapper:81 - Feature sweeping timeout: 86400
2020-11-12 11:13:17.101 - INFO - 5634 - azureml.train.automl.run._log_activity:70 - ActivityCompleted: Activity=DownloadModel, HowEnded=Success, Duration=9650.47[ms]
2020-11-12 11:13:17.102 - INFO - 5634 - azureml.train.automl.run._log_activity:70 - ActivityCompleted: Activity=GetOutput, HowEnded=Success, Duration=88820.42[ms]
2020-11-12 11:14:14.759 - INFO - 5634 - azureml.train.automl.run._log_activity:46 - ActivityStarted: GetOutput
2020-11-12 11:14:14.780 - INFO - 5634 - azureml.train.automl.run._log_activity:46 - ActivityStarted: GetOutput
2020-11-12 11:14:14.794 - INFO - 5634 - azureml.train.automl.run._log_activity:46 - ActivityStarted: GetChildren
2020-11-12 11:14:47.011 - INFO - 5634 - azureml.train.automl.run._log_activity:70 - ActivityCompleted: Activity=GetChildren, HowEnded=Success, Duration=32217.67[ms]
2020-11-12 11:14:47.012 - INFO - 5634 - azureml.train.automl.run._log_activity:70 - ActivityCompleted: Activity=GetOutput, HowEnded=Success, Duration=32231.31[ms]
2020-11-12 11:14:47.013 - INFO - 5634 - azureml.train.automl.run._log_activity:46 - ActivityStarted: DownloadModel
2020-11-12 11:14:47.390 - INFO - 5634 - azureml.automl.runtime.featurization.data_transformer._logger_wrapper:81 - Feature sweeping enabled: False
2020-11-12 11:14:47.390 - INFO - 5634 - azureml.automl.runtime.featurization.data_transformer._logger_wrapper:81 - Feature sweeping timeout: 86400
2020-11-12 11:14:47.432 - INFO - 5634 - azureml.train.automl.run._log_activity:70 - ActivityCompleted: Activity=DownloadModel, HowEnded=Success, Duration=419.06[ms]
2020-11-12 11:14:47.433 - INFO - 5634 - azureml.train.automl.run._log_activity:70 - ActivityCompleted: Activity=GetOutput, HowEnded=Success, Duration=32673.28[ms]
