2020-11-12 10:24:38.150 - INFO - 5634 - azureml.train.automl._azureautomlclient.modify_run_configuration:199 - Package azureml-train-automl missing from dependencies file.
2020-11-12 10:24:38.150 - INFO - 5634 - azureml.train.automl._azureautomlclient.modify_run_configuration:205 - Using pinned version: azureml-train-automl==1.17.0.*
2020-11-12 10:24:38.151 - INFO - 5634 - azureml.train.automl._azureautomlclient.modify_run_configuration:199 - Package pandas missing from dependencies file.
2020-11-12 10:24:38.151 - INFO - 5634 - azureml.train.automl._azureautomlclient.modify_run_configuration:205 - Using pinned version: pandas==0.25.1
2020-11-12 10:24:38.152 - INFO - 5634 - azureml.train.automl._azureautomlclient.modify_run_configuration:199 - Package psutil missing from dependencies file.
2020-11-12 10:24:38.153 - INFO - 5634 - azureml.train.automl._azureautomlclient.modify_run_configuration:205 - Using pinned version: psutil>5.0.0,<6.0.0
2020-11-12 10:24:38.153 - INFO - 5634 - azureml.train.automl._azureautomlclient.modify_run_configuration:199 - Package scikit-learn missing from dependencies file.
2020-11-12 10:24:38.154 - INFO - 5634 - azureml.train.automl._azureautomlclient.modify_run_configuration:205 - Using pinned version: scikit-learn==0.22.1
2020-11-12 10:24:38.154 - INFO - 5634 - azureml.train.automl._azureautomlclient.modify_run_configuration:199 - Package numpy missing from dependencies file.
2020-11-12 10:24:38.155 - INFO - 5634 - azureml.train.automl._azureautomlclient.modify_run_configuration:205 - Using pinned version: numpy~=1.18.0
2020-11-12 10:24:38.155 - INFO - 5634 - azureml.train.automl._azureautomlclient.modify_run_configuration:199 - Package py-xgboost missing from dependencies file.
2020-11-12 10:24:38.156 - INFO - 5634 - azureml.train.automl._azureautomlclient.modify_run_configuration:205 - Using pinned version: py-xgboost<=0.90
2020-11-12 10:24:38.156 - INFO - 5634 - azureml.train.automl._azureautomlclient.modify_run_configuration:199 - Package inference-schema missing from dependencies file.
2020-11-12 10:24:38.167 - INFO - 5634 - azureml.train.automl._azureautomlclient.modify_run_configuration:199 - Package fbprophet missing from dependencies file.
2020-11-12 10:24:38.168 - INFO - 5634 - azureml.train.automl._azureautomlclient.modify_run_configuration:205 - Using pinned version: fbprophet==0.5
2020-11-12 10:24:38.168 - INFO - 5634 - azureml.train.automl._azureautomlclient.modify_run_configuration:199 - Package setuptools-git missing from dependencies file.
2020-11-12 10:24:38.168 - INFO - 5634 - azureml.train.automl._azureautomlclient.modify_run_configuration:209 - Using installed version: setuptools-git==1.2
2020-11-12 10:24:38.179 - INFO - 5634 - azureml.train.automl._azureautomlclient._validate_input:624 - Start data validation.
2020-11-12 10:24:39.802 - INFO - 5634 - azureml.train.automl._azureautomlclient._validate_input:635 - Validation service found the data has no errors.
2020-11-12 10:24:39.802 - INFO - 5634 - azureml.train.automl._azureautomlclient._create_parent_run_for_remote:509 - Start creating parent run.
2020-11-12 10:24:40.199 - INFO - 5634 - azureml.train.automl._azureautomlclient._create_parent_run_for_remote:529 - [ParentRunID:AutoML_1fb715ed-8824-4ad6-9970-a52a77b79ad3] Remote run using input X and y.
2020-11-12 10:24:40.270 - INFO - 5634 - azureml.train.automl._azureautomlclient._create_parent_run_for_remote:542 - Parent Run ID: AutoML_1fb715ed-8824-4ad6-9970-a52a77b79ad3
2020-11-12 10:24:40.272 - INFO - 5634 - azureml.train.automl._azureautomlclient._fit_remote_core:471 - Starting a snapshot run (snapshot_id : None)
